Arguments: 
  /usr/local/Cellar/node/10.5.0_1/bin/node /usr/local/Cellar/yarn/1.7.0/libexec/bin/yarn.js install

PATH: 
  /opt/local/bin:/opt/local/sbin:/usr/local/bin:/usr/bin:/bin:/usr/sbin:/sbin

Yarn version: 
  1.7.0

Node version: 
  10.5.0

Platform: 
  darwin x64

Trace: 
  Error: getaddrinfo ENOTFOUND registry.yarnpkg.com registry.yarnpkg.com:443
      at GetAddrInfoReqWrap.onlookup [as oncomplete] (dns.js:50:26)

npm manifest: 
  {
      "name": "translation-static-analyzer",
      "version": "0.0.1",
      "description": "A webpack plugin for generating localization files using static analysis of source files similar to gettext",
      "keywords": [
          "translate",
          "i18n"
      ],
      "main": "src/index.js",
      "license": "BSD-3-Clause",
      "devDependencies": {
          "eslint": "^4.19.1",
          "eslint-plugin-jasmine": "^2.10.1",
          "eslint-plugin-node": "^7.0.1",
          "jest": "^23.4.2",
          "jest-cli": "^23.4.2"
      },
      "dependencies": {
          "deep-equal": "^1.0.1",
          "glob": "^7.1.2",
          "json5": "^1.0.1",
          "y18n": "^4.0.0"
      },
      "scripts": {
          "public": "scripts/publish.sh",
          "build": "scripts/build.sh",
          "test": "scripts/test.sh",
          "cover": "scripts/cover.sh",
          "lint": "scripts/lint.sh"
      }
  }

yarn manifest: 
  No manifest

Lockfile: 
  No lockfile
